<?xml version="1.0" encoding="utf-8"?><testsuites name="pytest tests"><testsuite name="pytest" errors="0" failures="0" skipped="0" tests="10" time="3.073" timestamp="2026-03-03T19:28:30.706236+00:00" hostname="agent-env-605ce4fc-7dc5-4c3d-8c71-2c412705f7d6"><testcase classname="backend.tests.test_admin_facebook.TestSetup" name="test_api_health" time="0.145" /><testcase classname="backend.tests.test_admin_facebook.TestAdminAuth" name="test_admin_login" time="0.363" /><testcase classname="backend.tests.test_admin_facebook.TestAdminEndpoints" name="test_admin_stats_endpoint" time="0.456" /><testcase classname="backend.tests.test_admin_facebook.TestAdminEndpoints" name="test_admin_users_endpoint" time="0.468" /><testcase classname="backend.tests.test_admin_facebook.TestAdminEndpoints" name="test_admin_recent_searches_endpoint" time="0.497" /><testcase classname="backend.tests.test_admin_facebook.TestAdminEndpoints" name="test_admin_endpoints_require_admin_role" time="0.588" /><testcase classname="backend.tests.test_admin_facebook.TestFacebookAuth" name="test_facebook_session_endpoint_exists" time="0.141" /><testcase classname="backend.tests.test_admin_facebook.TestFacebookAuth" name="test_facebook_callback_endpoint_exists" time="0.117" /><testcase classname="backend.tests.test_admin_facebook.TestFacebookAuth" name="test_facebook_session_missing_redirect_url" time="0.119" /><testcase classname="backend.tests.test_admin_facebook.TestGoogleAuth" name="test_google_session_endpoint_exists" time="0.129" /></testsuite></testsuites>